<?xml version="1.0" encoding="UTF-8"?>
<coverage generated="1575500420319" clover="3.2.0">
  <project timestamp="1575500420320" name="All files">
    <metrics statements="206" coveredstatements="154" conditionals="24" coveredconditionals="9" methods="48" coveredmethods="20" elements="278" coveredelements="183" complexity="0" loc="206" ncloc="206" packages="9" files="29" classes="29"/>
    <package name="client.components">
      <metrics statements="9" coveredstatements="7" conditionals="0" coveredconditionals="0" methods="4" coveredmethods="2"/>
      <file name="App.jsx" path="/mnt/c/Users/kylem/Galvanize/FEC_Zillow/Kyle-service/client/components/App.jsx">
        <metrics statements="9" coveredstatements="7" conditionals="0" coveredconditionals="0" methods="4" coveredmethods="2"/>
        <line num="11" count="2" type="stmt"/>
        <line num="27" count="2" type="stmt"/>
        <line num="28" count="2" type="stmt"/>
        <line num="33" count="2" type="stmt"/>
        <line num="48" count="0" type="stmt"/>
        <line num="50" count="0" type="stmt"/>
        <line num="54" count="2" type="stmt"/>
        <line num="55" count="2" type="stmt"/>
        <line num="56" count="2" type="stmt"/>
      </file>
    </package>
    <package name="client.components.Contact">
      <metrics statements="13" coveredstatements="12" conditionals="0" coveredconditionals="0" methods="4" coveredmethods="3"/>
      <file name="Contact.jsx" path="/mnt/c/Users/kylem/Galvanize/FEC_Zillow/Kyle-service/client/components/Contact/Contact.jsx">
        <metrics statements="6" coveredstatements="5" conditionals="0" coveredconditionals="0" methods="2" coveredmethods="1"/>
        <line num="5" count="2" type="stmt"/>
        <line num="8" count="2" type="stmt"/>
        <line num="22" count="2" type="stmt"/>
        <line num="23" count="2" type="stmt"/>
        <line num="24" count="2" type="stmt"/>
        <line num="26" count="0" type="stmt"/>
      </file>
      <file name="Footer.jsx" path="/mnt/c/Users/kylem/Galvanize/FEC_Zillow/Kyle-service/client/components/Contact/Footer.jsx">
        <metrics statements="3" coveredstatements="3" conditionals="0" coveredconditionals="0" methods="1" coveredmethods="1"/>
        <line num="6" count="2" type="stmt"/>
        <line num="7" count="2" type="stmt"/>
        <line num="8" count="2" type="stmt"/>
      </file>
      <file name="Tour.jsx" path="/mnt/c/Users/kylem/Galvanize/FEC_Zillow/Kyle-service/client/components/Contact/Tour.jsx">
        <metrics statements="4" coveredstatements="4" conditionals="0" coveredconditionals="0" methods="1" coveredmethods="1"/>
        <line num="4" count="2" type="stmt"/>
        <line num="7" count="2" type="stmt"/>
        <line num="23" count="2" type="stmt"/>
        <line num="24" count="2" type="stmt"/>
      </file>
    </package>
    <package name="client.components.Contact.ContactModal">
      <metrics statements="28" coveredstatements="12" conditionals="4" coveredconditionals="1" methods="12" coveredmethods="2"/>
      <file name="ContactModal.jsx" path="/mnt/c/Users/kylem/Galvanize/FEC_Zillow/Kyle-service/client/components/Contact/ContactModal/ContactModal.jsx">
        <metrics statements="26" coveredstatements="10" conditionals="4" coveredconditionals="1" methods="12" coveredmethods="2"/>
        <line num="8" count="2" type="stmt"/>
        <line num="18" count="2" type="stmt"/>
        <line num="19" count="2" type="stmt"/>
        <line num="26" count="2" type="stmt"/>
        <line num="27" count="2" type="stmt"/>
        <line num="28" count="2" type="stmt"/>
        <line num="32" count="0" type="stmt"/>
        <line num="33" count="0" type="stmt"/>
        <line num="34" count="0" type="cond" truecount="0" falsecount="2"/>
        <line num="35" count="0" type="stmt"/>
        <line num="37" count="0" type="stmt"/>
        <line num="41" count="0" type="stmt"/>
        <line num="42" count="0" type="stmt"/>
        <line num="46" count="0" type="stmt"/>
        <line num="47" count="0" type="stmt"/>
        <line num="53" count="0" type="stmt"/>
        <line num="57" count="2" type="stmt"/>
        <line num="58" count="2" type="stmt"/>
        <line num="59" count="2" type="cond" truecount="1" falsecount="1"/>
        <line num="60" count="0" type="stmt"/>
        <line num="66" count="0" type="stmt"/>
        <line num="68" count="0" type="stmt"/>
        <line num="70" count="0" type="stmt"/>
        <line num="72" count="0" type="stmt"/>
        <line num="76" count="0" type="stmt"/>
        <line num="83" count="2" type="stmt"/>
      </file>
      <file name="ModalContent.jsx" path="/mnt/c/Users/kylem/Galvanize/FEC_Zillow/Kyle-service/client/components/Contact/ContactModal/ModalContent.jsx">
        <metrics statements="1" coveredstatements="1" conditionals="0" coveredconditionals="0" methods="0" coveredmethods="0"/>
        <line num="4" count="2" type="stmt"/>
      </file>
      <file name="ModalDiv.jsx" path="/mnt/c/Users/kylem/Galvanize/FEC_Zillow/Kyle-service/client/components/Contact/ContactModal/ModalDiv.jsx">
        <metrics statements="1" coveredstatements="1" conditionals="0" coveredconditionals="0" methods="0" coveredmethods="0"/>
        <line num="5" count="2" type="stmt"/>
      </file>
    </package>
    <package name="client.components.Contact.TourExtras">
      <metrics statements="7" coveredstatements="3" conditionals="2" coveredconditionals="0" methods="1" coveredmethods="0"/>
      <file name="DateButton.jsx" path="/mnt/c/Users/kylem/Galvanize/FEC_Zillow/Kyle-service/client/components/Contact/TourExtras/DateButton.jsx">
        <metrics statements="7" coveredstatements="3" conditionals="2" coveredconditionals="0" methods="1" coveredmethods="0"/>
        <line num="5" count="2" type="stmt"/>
        <line num="16" count="2" type="stmt"/>
        <line num="27" count="2" type="stmt"/>
        <line num="28" count="0" type="stmt"/>
        <line num="29" count="0" type="cond" truecount="0" falsecount="2"/>
        <line num="30" count="0" type="stmt"/>
        <line num="39" count="0" type="stmt"/>
      </file>
    </package>
    <package name="client.components.Heading">
      <metrics statements="52" coveredstatements="31" conditionals="2" coveredconditionals="1" methods="19" coveredmethods="6"/>
      <file name="Button.jsx" path="/mnt/c/Users/kylem/Galvanize/FEC_Zillow/Kyle-service/client/components/Heading/Button.jsx">
        <metrics statements="1" coveredstatements="1" conditionals="0" coveredconditionals="0" methods="0" coveredmethods="0"/>
        <line num="5" count="2" type="stmt"/>
      </file>
      <file name="Close.jsx" path="/mnt/c/Users/kylem/Galvanize/FEC_Zillow/Kyle-service/client/components/Heading/Close.jsx">
        <metrics statements="6" coveredstatements="3" conditionals="0" coveredconditionals="0" methods="2" coveredmethods="0"/>
        <line num="6" count="2" type="stmt"/>
        <line num="10" count="2" type="stmt"/>
        <line num="20" count="2" type="stmt"/>
        <line num="21" count="0" type="stmt"/>
        <line num="22" count="0" type="stmt"/>
        <line num="24" count="0" type="stmt"/>
      </file>
      <file name="Heading.jsx" path="/mnt/c/Users/kylem/Galvanize/FEC_Zillow/Kyle-service/client/components/Heading/Heading.jsx">
        <metrics statements="2" coveredstatements="2" conditionals="0" coveredconditionals="0" methods="1" coveredmethods="1"/>
        <line num="7" count="2" type="stmt"/>
        <line num="8" count="2" type="stmt"/>
      </file>
      <file name="ModalContent.jsx" path="/mnt/c/Users/kylem/Galvanize/FEC_Zillow/Kyle-service/client/components/Heading/ModalContent.jsx">
        <metrics statements="1" coveredstatements="1" conditionals="0" coveredconditionals="0" methods="0" coveredmethods="0"/>
        <line num="4" count="2" type="stmt"/>
      </file>
      <file name="ModalDiv.jsx" path="/mnt/c/Users/kylem/Galvanize/FEC_Zillow/Kyle-service/client/components/Heading/ModalDiv.jsx">
        <metrics statements="1" coveredstatements="1" conditionals="0" coveredconditionals="0" methods="0" coveredmethods="0"/>
        <line num="5" count="2" type="stmt"/>
      </file>
      <file name="More.jsx" path="/mnt/c/Users/kylem/Galvanize/FEC_Zillow/Kyle-service/client/components/Heading/More.jsx">
        <metrics statements="2" coveredstatements="2" conditionals="0" coveredconditionals="0" methods="1" coveredmethods="1"/>
        <line num="6" count="2" type="stmt"/>
        <line num="7" count="2" type="stmt"/>
      </file>
      <file name="Save.jsx" path="/mnt/c/Users/kylem/Galvanize/FEC_Zillow/Kyle-service/client/components/Heading/Save.jsx">
        <metrics statements="4" coveredstatements="4" conditionals="0" coveredconditionals="0" methods="1" coveredmethods="1"/>
        <line num="5" count="2" type="stmt"/>
        <line num="8" count="2" type="stmt"/>
        <line num="20" count="2" type="stmt"/>
        <line num="21" count="2" type="stmt"/>
      </file>
      <file name="Send.jsx" path="/mnt/c/Users/kylem/Galvanize/FEC_Zillow/Kyle-service/client/components/Heading/Send.jsx">
        <metrics statements="8" coveredstatements="3" conditionals="0" coveredconditionals="0" methods="3" coveredmethods="0"/>
        <line num="6" count="2" type="stmt"/>
        <line num="19" count="2" type="stmt"/>
        <line num="20" count="0" type="stmt"/>
        <line num="21" count="0" type="stmt"/>
        <line num="24" count="2" type="stmt"/>
        <line num="25" count="0" type="stmt"/>
        <line num="26" count="0" type="stmt"/>
        <line num="28" count="0" type="stmt"/>
      </file>
      <file name="Share.jsx" path="/mnt/c/Users/kylem/Galvanize/FEC_Zillow/Kyle-service/client/components/Heading/Share.jsx">
        <metrics statements="5" coveredstatements="4" conditionals="0" coveredconditionals="0" methods="2" coveredmethods="1"/>
        <line num="5" count="2" type="stmt"/>
        <line num="17" count="2" type="stmt"/>
        <line num="18" count="2" type="stmt"/>
        <line num="19" count="2" type="stmt"/>
        <line num="21" count="0" type="stmt"/>
      </file>
      <file name="ShareModal.jsx" path="/mnt/c/Users/kylem/Galvanize/FEC_Zillow/Kyle-service/client/components/Heading/ShareModal.jsx">
        <metrics statements="21" coveredstatements="9" conditionals="2" coveredconditionals="1" methods="9" coveredmethods="2"/>
        <line num="8" count="2" type="stmt"/>
        <line num="16" count="2" type="stmt"/>
        <line num="17" count="2" type="stmt"/>
        <line num="22" count="2" type="stmt"/>
        <line num="23" count="2" type="stmt"/>
        <line num="24" count="2" type="stmt"/>
        <line num="28" count="0" type="stmt"/>
        <line num="29" count="0" type="stmt"/>
        <line num="30" count="0" type="stmt"/>
        <line num="36" count="0" type="stmt"/>
        <line num="37" count="0" type="stmt"/>
        <line num="41" count="0" type="stmt"/>
        <line num="42" count="0" type="stmt"/>
        <line num="46" count="0" type="stmt"/>
        <line num="50" count="2" type="stmt"/>
        <line num="51" count="2" type="cond" truecount="1" falsecount="1"/>
        <line num="52" count="0" type="stmt"/>
        <line num="60" count="0" type="stmt"/>
        <line num="68" count="0" type="stmt"/>
        <line num="73" count="0" type="stmt"/>
        <line num="83" count="2" type="stmt"/>
      </file>
      <file name="StyledSpan.jsx" path="/mnt/c/Users/kylem/Galvanize/FEC_Zillow/Kyle-service/client/components/Heading/StyledSpan.jsx">
        <metrics statements="1" coveredstatements="1" conditionals="0" coveredconditionals="0" methods="0" coveredmethods="0"/>
        <line num="4" count="2" type="stmt"/>
      </file>
    </package>
    <package name="client.components.House">
      <metrics statements="50" coveredstatements="45" conditionals="10" coveredconditionals="5" methods="6" coveredmethods="6"/>
      <file name="Address.jsx" path="/mnt/c/Users/kylem/Galvanize/FEC_Zillow/Kyle-service/client/components/House/Address.jsx">
        <metrics statements="14" coveredstatements="12" conditionals="4" coveredconditionals="2" methods="1" coveredmethods="1"/>
        <line num="4" count="2" type="stmt"/>
        <line num="5" count="2" type="stmt"/>
        <line num="6" count="2" type="stmt"/>
        <line num="8" count="2" type="cond" truecount="1" falsecount="1"/>
        <line num="9" count="2" type="stmt"/>
        <line num="10" count="2" type="stmt"/>
        <line num="11" count="2" type="stmt"/>
        <line num="12" count="2" type="stmt"/>
        <line num="13" count="2" type="cond" truecount="1" falsecount="1"/>
        <line num="14" count="0" type="stmt"/>
        <line num="16" count="2" type="stmt"/>
        <line num="18" count="2" type="stmt"/>
        <line num="20" count="0" type="stmt"/>
        <line num="22" count="2" type="stmt"/>
      </file>
      <file name="Details.jsx" path="/mnt/c/Users/kylem/Galvanize/FEC_Zillow/Kyle-service/client/components/House/Details.jsx">
        <metrics statements="11" coveredstatements="10" conditionals="2" coveredconditionals="1" methods="1" coveredmethods="1"/>
        <line num="5" count="2" type="stmt"/>
        <line num="11" count="2" type="stmt"/>
        <line num="12" count="2" type="stmt"/>
        <line num="13" count="2" type="stmt"/>
        <line num="15" count="2" type="cond" truecount="1" falsecount="1"/>
        <line num="16" count="2" type="stmt"/>
        <line num="17" count="2" type="stmt"/>
        <line num="19" count="2" type="stmt"/>
        <line num="20" count="2" type="stmt"/>
        <line num="25" count="0" type="stmt"/>
        <line num="27" count="2" type="stmt"/>
      </file>
      <file name="House.jsx" path="/mnt/c/Users/kylem/Galvanize/FEC_Zillow/Kyle-service/client/components/House/House.jsx">
        <metrics statements="3" coveredstatements="3" conditionals="0" coveredconditionals="0" methods="1" coveredmethods="1"/>
        <line num="8" count="2" type="stmt"/>
        <line num="9" count="2" type="stmt"/>
        <line num="10" count="2" type="stmt"/>
      </file>
      <file name="Orange.jsx" path="/mnt/c/Users/kylem/Galvanize/FEC_Zillow/Kyle-service/client/components/House/Orange.jsx">
        <metrics statements="1" coveredstatements="1" conditionals="0" coveredconditionals="0" methods="0" coveredmethods="0"/>
        <line num="4" count="2" type="stmt"/>
      </file>
      <file name="Payment.jsx" path="/mnt/c/Users/kylem/Galvanize/FEC_Zillow/Kyle-service/client/components/House/Payment.jsx">
        <metrics statements="10" coveredstatements="9" conditionals="2" coveredconditionals="1" methods="1" coveredmethods="1"/>
        <line num="5" count="2" type="stmt"/>
        <line num="6" count="2" type="stmt"/>
        <line num="7" count="2" type="stmt"/>
        <line num="9" count="2" type="cond" truecount="1" falsecount="1"/>
        <line num="10" count="2" type="stmt"/>
        <line num="11" count="2" type="stmt"/>
        <line num="12" count="2" type="stmt"/>
        <line num="13" count="2" type="stmt"/>
        <line num="15" count="0" type="stmt"/>
        <line num="17" count="2" type="stmt"/>
      </file>
      <file name="Qualified.jsx" path="/mnt/c/Users/kylem/Galvanize/FEC_Zillow/Kyle-service/client/components/House/Qualified.jsx">
        <metrics statements="2" coveredstatements="2" conditionals="0" coveredconditionals="0" methods="1" coveredmethods="1"/>
        <line num="4" count="2" type="stmt"/>
        <line num="5" count="2" type="stmt"/>
      </file>
      <file name="Zestimate.jsx" path="/mnt/c/Users/kylem/Galvanize/FEC_Zillow/Kyle-service/client/components/House/Zestimate.jsx">
        <metrics statements="9" coveredstatements="8" conditionals="2" coveredconditionals="1" methods="1" coveredmethods="1"/>
        <line num="5" count="2" type="stmt"/>
        <line num="6" count="2" type="stmt"/>
        <line num="7" count="2" type="stmt"/>
        <line num="9" count="2" type="cond" truecount="1" falsecount="1"/>
        <line num="10" count="2" type="stmt"/>
        <line num="11" count="2" type="stmt"/>
        <line num="12" count="2" type="stmt"/>
        <line num="14" count="0" type="stmt"/>
        <line num="16" count="2" type="stmt"/>
      </file>
    </package>
    <package name="db">
      <metrics statements="4" coveredstatements="4" conditionals="0" coveredconditionals="0" methods="0" coveredmethods="0"/>
      <file name="index.js" path="/mnt/c/Users/kylem/Galvanize/FEC_Zillow/Kyle-service/db/index.js">
        <metrics statements="4" coveredstatements="4" conditionals="0" coveredconditionals="0" methods="0" coveredmethods="0"/>
        <line num="1" count="1" type="stmt"/>
        <line num="2" count="1" type="stmt"/>
        <line num="3" count="1" type="stmt"/>
        <line num="9" count="1" type="stmt"/>
      </file>
    </package>
    <package name="db.Schemas">
      <metrics statements="5" coveredstatements="5" conditionals="0" coveredconditionals="0" methods="0" coveredmethods="0"/>
      <file name="Listing.js" path="/mnt/c/Users/kylem/Galvanize/FEC_Zillow/Kyle-service/db/Schemas/Listing.js">
        <metrics statements="5" coveredstatements="5" conditionals="0" coveredconditionals="0" methods="0" coveredmethods="0"/>
        <line num="1" count="1" type="stmt"/>
        <line num="2" count="1" type="stmt"/>
        <line num="5" count="1" type="stmt"/>
        <line num="26" count="1" type="stmt"/>
        <line num="29" count="1" type="stmt"/>
      </file>
    </package>
    <package name="seed">
      <metrics statements="38" coveredstatements="35" conditionals="6" coveredconditionals="2" methods="2" coveredmethods="1"/>
      <file name="index.js" path="/mnt/c/Users/kylem/Galvanize/FEC_Zillow/Kyle-service/seed/index.js">
        <metrics statements="38" coveredstatements="35" conditionals="6" coveredconditionals="2" methods="2" coveredmethods="1"/>
        <line num="1" count="1" type="stmt"/>
        <line num="5" count="1" type="stmt"/>
        <line num="6" count="4" type="stmt"/>
        <line num="7" count="4" type="stmt"/>
        <line num="8" count="400" type="stmt"/>
        <line num="9" count="400" type="stmt"/>
        <line num="11" count="400" type="cond" truecount="2" falsecount="0"/>
        <line num="12" count="40" type="stmt"/>
        <line num="14" count="360" type="stmt"/>
        <line num="17" count="400" type="stmt"/>
        <line num="19" count="400" type="stmt"/>
        <line num="21" count="400" type="stmt"/>
        <line num="22" count="400" type="stmt"/>
        <line num="23" count="400" type="stmt"/>
        <line num="25" count="400" type="stmt"/>
        <line num="27" count="400" type="stmt"/>
        <line num="28" count="400" type="stmt"/>
        <line num="29" count="400" type="stmt"/>
        <line num="31" count="400" type="stmt"/>
        <line num="32" count="400" type="stmt"/>
        <line num="34" count="400" type="stmt"/>
        <line num="35" count="400" type="stmt"/>
        <line num="36" count="400" type="stmt"/>
        <line num="37" count="400" type="stmt"/>
        <line num="38" count="400" type="stmt"/>
        <line num="41" count="400" type="stmt"/>
        <line num="43" count="400" type="stmt"/>
        <line num="44" count="400" type="stmt"/>
        <line num="45" count="400" type="stmt"/>
        <line num="47" count="400" type="stmt"/>
        <line num="48" count="400" type="stmt"/>
        <line num="49" count="0" type="cond" truecount="0" falsecount="2"/>
        <line num="51" count="0" type="cond" truecount="0" falsecount="2"/>
        <line num="52" count="0" type="stmt"/>
        <line num="58" count="4" type="stmt"/>
        <line num="59" count="4" type="stmt"/>
        <line num="64" count="1" type="stmt"/>
        <line num="66" count="1" type="stmt"/>
      </file>
    </package>
  </project>
</coverage>
