{"/mnt/c/Users/kylem/Galvanize/FEC_Zillow/Kyle-service/client/components/App.jsx": {"path":"/mnt/c/Users/kylem/Galvanize/FEC_Zillow/Kyle-service/client/components/App.jsx","statementMap":{"0":{"start":{"line":11,"column":20},"end":{"line":23,"column":1}},"1":{"start":{"line":27,"column":4},"end":{"line":27,"column":17}},"2":{"start":{"line":28,"column":4},"end":{"line":32,"column":6}},"3":{"start":{"line":33,"column":4},"end":{"line":33,"column":47}},"4":{"start":{"line":48,"column":4},"end":{"line":50,"column":50}},"5":{"start":{"line":50,"column":13},"end":{"line":50,"column":48}},"6":{"start":{"line":54,"column":48},"end":{"line":54,"column":58}},"7":{"start":{"line":55,"column":22},"end":{"line":55,"column":27}},"8":{"start":{"line":56,"column":4},"end":{"line":64,"column":6}}},"fnMap":{"0":{"name":"(anonymous_0)","decl":{"start":{"line":26,"column":2},"end":{"line":26,"column":3}},"loc":{"start":{"line":26,"column":21},"end":{"line":34,"column":3}},"line":26},"1":{"name":"(anonymous_1)","decl":{"start":{"line":47,"column":2},"end":{"line":47,"column":3}},"loc":{"start":{"line":47,"column":18},"end":{"line":51,"column":3}},"line":47},"2":{"name":"(anonymous_2)","decl":{"start":{"line":50,"column":7},"end":{"line":50,"column":8}},"loc":{"start":{"line":50,"column":13},"end":{"line":50,"column":48}},"line":50},"3":{"name":"(anonymous_3)","decl":{"start":{"line":53,"column":2},"end":{"line":53,"column":3}},"loc":{"start":{"line":53,"column":11},"end":{"line":65,"column":3}},"line":53}},"branchMap":{},"s":{"0":6,"1":6,"2":6,"3":6,"4":6,"5":6,"6":12,"7":12,"8":12},"f":{"0":6,"1":6,"2":6,"3":12},"b":{},"_coverageSchema":"43e27e138ebf9cfc5966b082cf9a028302ed4184","hash":"2def722eedb21dab980a7baafa49c0c478a74f2f"}
,"/mnt/c/Users/kylem/Galvanize/FEC_Zillow/Kyle-service/client/components/Contact/Contact.jsx": {"path":"/mnt/c/Users/kylem/Galvanize/FEC_Zillow/Kyle-service/client/components/Contact/Contact.jsx","statementMap":{"0":{"start":{"line":5,"column":19},"end":{"line":6,"column":1}},"1":{"start":{"line":8,"column":15},"end":{"line":20,"column":1}},"2":{"start":{"line":22,"column":16},"end":{"line":29,"column":1}},"3":{"start":{"line":23,"column":22},"end":{"line":23,"column":27}},"4":{"start":{"line":24,"column":2},"end":{"line":28,"column":4}},"5":{"start":{"line":26,"column":29},"end":{"line":26,"column":54}}},"fnMap":{"0":{"name":"(anonymous_0)","decl":{"start":{"line":22,"column":16},"end":{"line":22,"column":17}},"loc":{"start":{"line":22,"column":25},"end":{"line":29,"column":1}},"line":22},"1":{"name":"(anonymous_1)","decl":{"start":{"line":26,"column":23},"end":{"line":26,"column":24}},"loc":{"start":{"line":26,"column":29},"end":{"line":26,"column":54}},"line":26}},"branchMap":{},"s":{"0":6,"1":6,"2":6,"3":12,"4":12,"5":0},"f":{"0":12,"1":0},"b":{},"_coverageSchema":"43e27e138ebf9cfc5966b082cf9a028302ed4184","hash":"72e270b90d3345cb7b6bb17d23b535b0a779f4f5"}
,"/mnt/c/Users/kylem/Galvanize/FEC_Zillow/Kyle-service/client/components/Contact/Footer.jsx": {"path":"/mnt/c/Users/kylem/Galvanize/FEC_Zillow/Kyle-service/client/components/Contact/Footer.jsx","statementMap":{"0":{"start":{"line":6,"column":15},"end":{"line":14,"column":1}},"1":{"start":{"line":7,"column":24},"end":{"line":7,"column":29}},"2":{"start":{"line":8,"column":2},"end":{"line":13,"column":4}}},"fnMap":{"0":{"name":"(anonymous_0)","decl":{"start":{"line":6,"column":15},"end":{"line":6,"column":16}},"loc":{"start":{"line":6,"column":26},"end":{"line":14,"column":1}},"line":6}},"branchMap":{},"s":{"0":6,"1":12,"2":12},"f":{"0":12},"b":{},"_coverageSchema":"43e27e138ebf9cfc5966b082cf9a028302ed4184","hash":"ad29c7780fb14993dec0e4b8171cede4182e0c23"}
,"/mnt/c/Users/kylem/Galvanize/FEC_Zillow/Kyle-service/client/components/Contact/Tour.jsx": {"path":"/mnt/c/Users/kylem/Galvanize/FEC_Zillow/Kyle-service/client/components/Contact/Tour.jsx","statementMap":{"0":{"start":{"line":4,"column":19},"end":{"line":5,"column":1}},"1":{"start":{"line":7,"column":15},"end":{"line":20,"column":1}},"2":{"start":{"line":23,"column":13},"end":{"line":27,"column":1}},"3":{"start":{"line":24,"column":2},"end":{"line":26,"column":15}}},"fnMap":{"0":{"name":"(anonymous_0)","decl":{"start":{"line":23,"column":13},"end":{"line":23,"column":14}},"loc":{"start":{"line":24,"column":2},"end":{"line":26,"column":15}},"line":24}},"branchMap":{},"s":{"0":6,"1":6,"2":6,"3":12},"f":{"0":12},"b":{},"_coverageSchema":"43e27e138ebf9cfc5966b082cf9a028302ed4184","hash":"0cd17f3563dea43c1026bd830634cc7259f5aad0"}
,"/mnt/c/Users/kylem/Galvanize/FEC_Zillow/Kyle-service/client/components/Contact/ContactModal/ContactModal.jsx": {"path":"/mnt/c/Users/kylem/Galvanize/FEC_Zillow/Kyle-service/client/components/Contact/ContactModal/ContactModal.jsx","statementMap":{"0":{"start":{"line":8,"column":17},"end":{"line":14,"column":1}},"1":{"start":{"line":18,"column":4},"end":{"line":18,"column":17}},"2":{"start":{"line":19,"column":4},"end":{"line":25,"column":6}},"3":{"start":{"line":26,"column":4},"end":{"line":26,"column":45}},"4":{"start":{"line":27,"column":4},"end":{"line":27,"column":47}},"5":{"start":{"line":28,"column":4},"end":{"line":28,"column":53}},"6":{"start":{"line":32,"column":23},"end":{"line":32,"column":24}},"7":{"start":{"line":33,"column":21},"end":{"line":33,"column":27}},"8":{"start":{"line":34,"column":18},"end":{"line":34,"column":76}},"9":{"start":{"line":35,"column":4},"end":{"line":37,"column":53}},"10":{"start":{"line":37,"column":13},"end":{"line":37,"column":51}},"11":{"start":{"line":41,"column":26},"end":{"line":41,"column":36}},"12":{"start":{"line":42,"column":4},"end":{"line":42,"column":30}},"13":{"start":{"line":46,"column":26},"end":{"line":46,"column":36}},"14":{"start":{"line":47,"column":4},"end":{"line":53,"column":40}},"15":{"start":{"line":53,"column":13},"end":{"line":53,"column":38}},"16":{"start":{"line":57,"column":21},"end":{"line":57,"column":31}},"17":{"start":{"line":58,"column":57},"end":{"line":58,"column":67}},"18":{"start":{"line":59,"column":4},"end":{"line":82,"column":5}},"19":{"start":{"line":60,"column":6},"end":{"line":81,"column":8}},"20":{"start":{"line":66,"column":74},"end":{"line":66,"column":94}},"21":{"start":{"line":68,"column":76},"end":{"line":68,"column":96}},"22":{"start":{"line":70,"column":84},"end":{"line":70,"column":104}},"23":{"start":{"line":72,"column":71},"end":{"line":72,"column":91}},"24":{"start":{"line":76,"column":86},"end":{"line":76,"column":106}},"25":{"start":{"line":83,"column":4},"end":{"line":83,"column":16}}},"fnMap":{"0":{"name":"(anonymous_0)","decl":{"start":{"line":17,"column":2},"end":{"line":17,"column":3}},"loc":{"start":{"line":17,"column":21},"end":{"line":29,"column":3}},"line":17},"1":{"name":"(anonymous_1)","decl":{"start":{"line":31,"column":2},"end":{"line":31,"column":3}},"loc":{"start":{"line":31,"column":14},"end":{"line":38,"column":3}},"line":31},"2":{"name":"(anonymous_2)","decl":{"start":{"line":37,"column":7},"end":{"line":37,"column":8}},"loc":{"start":{"line":37,"column":13},"end":{"line":37,"column":51}},"line":37},"3":{"name":"(anonymous_3)","decl":{"start":{"line":40,"column":2},"end":{"line":40,"column":3}},"loc":{"start":{"line":40,"column":14},"end":{"line":43,"column":3}},"line":40},"4":{"name":"(anonymous_4)","decl":{"start":{"line":45,"column":2},"end":{"line":45,"column":3}},"loc":{"start":{"line":45,"column":17},"end":{"line":54,"column":3}},"line":45},"5":{"name":"(anonymous_5)","decl":{"start":{"line":53,"column":7},"end":{"line":53,"column":8}},"loc":{"start":{"line":53,"column":13},"end":{"line":53,"column":38}},"line":53},"6":{"name":"(anonymous_6)","decl":{"start":{"line":56,"column":2},"end":{"line":56,"column":3}},"loc":{"start":{"line":56,"column":11},"end":{"line":84,"column":3}},"line":56},"7":{"name":"(anonymous_7)","decl":{"start":{"line":66,"column":68},"end":{"line":66,"column":69}},"loc":{"start":{"line":66,"column":74},"end":{"line":66,"column":94}},"line":66},"8":{"name":"(anonymous_8)","decl":{"start":{"line":68,"column":70},"end":{"line":68,"column":71}},"loc":{"start":{"line":68,"column":76},"end":{"line":68,"column":96}},"line":68},"9":{"name":"(anonymous_9)","decl":{"start":{"line":70,"column":78},"end":{"line":70,"column":79}},"loc":{"start":{"line":70,"column":84},"end":{"line":70,"column":104}},"line":70},"10":{"name":"(anonymous_10)","decl":{"start":{"line":72,"column":65},"end":{"line":72,"column":66}},"loc":{"start":{"line":72,"column":71},"end":{"line":72,"column":91}},"line":72},"11":{"name":"(anonymous_11)","decl":{"start":{"line":76,"column":80},"end":{"line":76,"column":81}},"loc":{"start":{"line":76,"column":86},"end":{"line":76,"column":106}},"line":76}},"branchMap":{"0":{"loc":{"start":{"line":34,"column":18},"end":{"line":34,"column":76}},"type":"cond-expr","locations":[{"start":{"line":34,"column":47},"end":{"line":34,"column":61}},{"start":{"line":34,"column":64},"end":{"line":34,"column":76}}],"line":34},"1":{"loc":{"start":{"line":59,"column":4},"end":{"line":82,"column":5}},"type":"if","locations":[{"start":{"line":59,"column":4},"end":{"line":82,"column":5}},{"start":{"line":59,"column":4},"end":{"line":82,"column":5}}],"line":59}},"s":{"0":6,"1":6,"2":6,"3":6,"4":6,"5":6,"6":0,"7":0,"8":0,"9":0,"10":0,"11":0,"12":0,"13":0,"14":0,"15":0,"16":12,"17":12,"18":12,"19":1,"20":0,"21":0,"22":0,"23":0,"24":0,"25":11},"f":{"0":6,"1":0,"2":0,"3":0,"4":0,"5":0,"6":12,"7":0,"8":0,"9":0,"10":0,"11":0},"b":{"0":[0,0],"1":[1,11]},"_coverageSchema":"43e27e138ebf9cfc5966b082cf9a028302ed4184","hash":"f237f181a1815630fa5688bb010a4ff3a2df7a98"}
,"/mnt/c/Users/kylem/Galvanize/FEC_Zillow/Kyle-service/client/components/Contact/ContactModal/ModalContent.jsx": {"path":"/mnt/c/Users/kylem/Galvanize/FEC_Zillow/Kyle-service/client/components/Contact/ContactModal/ModalContent.jsx","statementMap":{"0":{"start":{"line":4,"column":21},"end":{"line":14,"column":1}}},"fnMap":{},"branchMap":{},"s":{"0":6},"f":{},"b":{},"_coverageSchema":"43e27e138ebf9cfc5966b082cf9a028302ed4184","hash":"3a7e5396c0f936782cb1547822cdae46e022dc15"}
,"/mnt/c/Users/kylem/Galvanize/FEC_Zillow/Kyle-service/client/components/Contact/ContactModal/ModalDiv.jsx": {"path":"/mnt/c/Users/kylem/Galvanize/FEC_Zillow/Kyle-service/client/components/Contact/ContactModal/ModalDiv.jsx","statementMap":{"0":{"start":{"line":5,"column":17},"end":{"line":20,"column":1}}},"fnMap":{},"branchMap":{},"s":{"0":6},"f":{},"b":{},"_coverageSchema":"43e27e138ebf9cfc5966b082cf9a028302ed4184","hash":"0058e9089b960ad73b170cc3853b166fa776abfd"}
,"/mnt/c/Users/kylem/Galvanize/FEC_Zillow/Kyle-service/client/components/Contact/TourExtras/DateButton.jsx": {"path":"/mnt/c/Users/kylem/Galvanize/FEC_Zillow/Kyle-service/client/components/Contact/TourExtras/DateButton.jsx","statementMap":{"0":{"start":{"line":5,"column":15},"end":{"line":14,"column":1}},"1":{"start":{"line":16,"column":22},"end":{"line":25,"column":1}},"2":{"start":{"line":27,"column":19},"end":{"line":47,"column":1}},"3":{"start":{"line":28,"column":33},"end":{"line":28,"column":38}},"4":{"start":{"line":29,"column":2},"end":{"line":38,"column":3}},"5":{"start":{"line":30,"column":4},"end":{"line":37,"column":6}},"6":{"start":{"line":39,"column":2},"end":{"line":46,"column":4}}},"fnMap":{"0":{"name":"(anonymous_0)","decl":{"start":{"line":27,"column":19},"end":{"line":27,"column":20}},"loc":{"start":{"line":27,"column":30},"end":{"line":47,"column":1}},"line":27}},"branchMap":{"0":{"loc":{"start":{"line":29,"column":2},"end":{"line":38,"column":3}},"type":"if","locations":[{"start":{"line":29,"column":2},"end":{"line":38,"column":3}},{"start":{"line":29,"column":2},"end":{"line":38,"column":3}}],"line":29}},"s":{"0":6,"1":6,"2":6,"3":0,"4":0,"5":0,"6":0},"f":{"0":0},"b":{"0":[0,0]},"_coverageSchema":"43e27e138ebf9cfc5966b082cf9a028302ed4184","hash":"0cdfbe838cc1cfc3e12255d53b975fc87875a588"}
,"/mnt/c/Users/kylem/Galvanize/FEC_Zillow/Kyle-service/client/components/Heading/Button.jsx": {"path":"/mnt/c/Users/kylem/Galvanize/FEC_Zillow/Kyle-service/client/components/Heading/Button.jsx","statementMap":{"0":{"start":{"line":5,"column":15},"end":{"line":15,"column":1}}},"fnMap":{},"branchMap":{},"s":{"0":7},"f":{},"b":{},"_coverageSchema":"43e27e138ebf9cfc5966b082cf9a028302ed4184","hash":"a94a4a421b708294320f9509eeaccba0b2f611dd"}
,"/mnt/c/Users/kylem/Galvanize/FEC_Zillow/Kyle-service/client/components/Heading/Close.jsx": {"path":"/mnt/c/Users/kylem/Galvanize/FEC_Zillow/Kyle-service/client/components/Heading/Close.jsx","statementMap":{"0":{"start":{"line":6,"column":20},"end":{"line":8,"column":1}},"1":{"start":{"line":10,"column":15},"end":{"line":18,"column":1}},"2":{"start":{"line":20,"column":14},"end":{"line":27,"column":1}},"3":{"start":{"line":21,"column":20},"end":{"line":21,"column":25}},"4":{"start":{"line":22,"column":4},"end":{"line":26,"column":6}},"5":{"start":{"line":24,"column":35},"end":{"line":24,"column":42}}},"fnMap":{"0":{"name":"(anonymous_0)","decl":{"start":{"line":20,"column":14},"end":{"line":20,"column":15}},"loc":{"start":{"line":20,"column":23},"end":{"line":27,"column":1}},"line":20},"1":{"name":"(anonymous_1)","decl":{"start":{"line":24,"column":29},"end":{"line":24,"column":30}},"loc":{"start":{"line":24,"column":35},"end":{"line":24,"column":42}},"line":24}},"branchMap":{},"s":{"0":6,"1":6,"2":6,"3":5,"4":5,"5":0},"f":{"0":5,"1":0},"b":{},"_coverageSchema":"43e27e138ebf9cfc5966b082cf9a028302ed4184","hash":"361e05ec4ebeef1d0fae1cc4df7dd64a7b0bbed4"}
,"/mnt/c/Users/kylem/Galvanize/FEC_Zillow/Kyle-service/client/components/Heading/Heading.jsx": {"path":"/mnt/c/Users/kylem/Galvanize/FEC_Zillow/Kyle-service/client/components/Heading/Heading.jsx","statementMap":{"0":{"start":{"line":7,"column":16},"end":{"line":16,"column":1}},"1":{"start":{"line":8,"column":4},"end":{"line":15,"column":6}}},"fnMap":{"0":{"name":"(anonymous_0)","decl":{"start":{"line":7,"column":16},"end":{"line":7,"column":17}},"loc":{"start":{"line":7,"column":25},"end":{"line":16,"column":1}},"line":7}},"branchMap":{},"s":{"0":7,"1":13},"f":{"0":13},"b":{},"_coverageSchema":"43e27e138ebf9cfc5966b082cf9a028302ed4184","hash":"3ebe92478a32c0680bfb703e5d0d98ba7da681f8"}
,"/mnt/c/Users/kylem/Galvanize/FEC_Zillow/Kyle-service/client/components/Heading/ModalContent.jsx": {"path":"/mnt/c/Users/kylem/Galvanize/FEC_Zillow/Kyle-service/client/components/Heading/ModalContent.jsx","statementMap":{"0":{"start":{"line":4,"column":21},"end":{"line":14,"column":1}}},"fnMap":{},"branchMap":{},"s":{"0":6},"f":{},"b":{},"_coverageSchema":"43e27e138ebf9cfc5966b082cf9a028302ed4184","hash":"ca8947519b991b21833859fa98e57562e4586c90"}
,"/mnt/c/Users/kylem/Galvanize/FEC_Zillow/Kyle-service/client/components/Heading/ModalDiv.jsx": {"path":"/mnt/c/Users/kylem/Galvanize/FEC_Zillow/Kyle-service/client/components/Heading/ModalDiv.jsx","statementMap":{"0":{"start":{"line":5,"column":17},"end":{"line":20,"column":1}}},"fnMap":{},"branchMap":{},"s":{"0":6},"f":{},"b":{},"_coverageSchema":"43e27e138ebf9cfc5966b082cf9a028302ed4184","hash":"030c59d7e7b25ad42ccad848a5e18d6dbdb28fae"}
,"/mnt/c/Users/kylem/Galvanize/FEC_Zillow/Kyle-service/client/components/Heading/More.jsx": {"path":"/mnt/c/Users/kylem/Galvanize/FEC_Zillow/Kyle-service/client/components/Heading/More.jsx","statementMap":{"0":{"start":{"line":6,"column":13},"end":{"line":12,"column":1}},"1":{"start":{"line":7,"column":4},"end":{"line":11,"column":6}}},"fnMap":{"0":{"name":"(anonymous_0)","decl":{"start":{"line":6,"column":13},"end":{"line":6,"column":14}},"loc":{"start":{"line":6,"column":22},"end":{"line":12,"column":1}},"line":6}},"branchMap":{},"s":{"0":7,"1":13},"f":{"0":13},"b":{},"_coverageSchema":"43e27e138ebf9cfc5966b082cf9a028302ed4184","hash":"fdb8ebb851c587c0ce525c522b18bf0db18713a5"}
,"/mnt/c/Users/kylem/Galvanize/FEC_Zillow/Kyle-service/client/components/Heading/Save.jsx": {"path":"/mnt/c/Users/kylem/Galvanize/FEC_Zillow/Kyle-service/client/components/Heading/Save.jsx","statementMap":{"0":{"start":{"line":5,"column":19},"end":{"line":6,"column":1}},"1":{"start":{"line":8,"column":15},"end":{"line":18,"column":1}},"2":{"start":{"line":20,"column":13},"end":{"line":24,"column":1}},"3":{"start":{"line":21,"column":2},"end":{"line":23,"column":15}}},"fnMap":{"0":{"name":"(anonymous_0)","decl":{"start":{"line":20,"column":13},"end":{"line":20,"column":14}},"loc":{"start":{"line":21,"column":2},"end":{"line":23,"column":15}},"line":21}},"branchMap":{},"s":{"0":7,"1":7,"2":7,"3":13},"f":{"0":13},"b":{},"_coverageSchema":"43e27e138ebf9cfc5966b082cf9a028302ed4184","hash":"cceb31bfab221fd07a8c9587e051c28b39f5f624"}
,"/mnt/c/Users/kylem/Galvanize/FEC_Zillow/Kyle-service/client/components/Heading/Send.jsx": {"path":"/mnt/c/Users/kylem/Galvanize/FEC_Zillow/Kyle-service/client/components/Heading/Send.jsx","statementMap":{"0":{"start":{"line":6,"column":15},"end":{"line":17,"column":1}},"1":{"start":{"line":19,"column":20},"end":{"line":22,"column":1}},"2":{"start":{"line":20,"column":2},"end":{"line":20,"column":25}},"3":{"start":{"line":21,"column":2},"end":{"line":21,"column":7}},"4":{"start":{"line":24,"column":13},"end":{"line":31,"column":1}},"5":{"start":{"line":25,"column":30},"end":{"line":25,"column":35}},"6":{"start":{"line":26,"column":2},"end":{"line":30,"column":4}},"7":{"start":{"line":28,"column":29},"end":{"line":28,"column":47}}},"fnMap":{"0":{"name":"(anonymous_0)","decl":{"start":{"line":19,"column":20},"end":{"line":19,"column":21}},"loc":{"start":{"line":19,"column":28},"end":{"line":22,"column":1}},"line":19},"1":{"name":"(anonymous_1)","decl":{"start":{"line":24,"column":13},"end":{"line":24,"column":14}},"loc":{"start":{"line":24,"column":24},"end":{"line":31,"column":1}},"line":24},"2":{"name":"(anonymous_2)","decl":{"start":{"line":28,"column":23},"end":{"line":28,"column":24}},"loc":{"start":{"line":28,"column":29},"end":{"line":28,"column":47}},"line":28}},"branchMap":{},"s":{"0":6,"1":6,"2":0,"3":0,"4":6,"5":5,"6":5,"7":0},"f":{"0":0,"1":5,"2":0},"b":{},"_coverageSchema":"43e27e138ebf9cfc5966b082cf9a028302ed4184","hash":"1187bdd50a74a50c21f1b4c84759188583a927a9"}
,"/mnt/c/Users/kylem/Galvanize/FEC_Zillow/Kyle-service/client/components/Heading/Share.jsx": {"path":"/mnt/c/Users/kylem/Galvanize/FEC_Zillow/Kyle-service/client/components/Heading/Share.jsx","statementMap":{"0":{"start":{"line":6,"column":15},"end":{"line":16,"column":1}},"1":{"start":{"line":18,"column":14},"end":{"line":25,"column":1}},"2":{"start":{"line":19,"column":24},"end":{"line":19,"column":29}},"3":{"start":{"line":20,"column":2},"end":{"line":24,"column":4}},"4":{"start":{"line":22,"column":29},"end":{"line":22,"column":52}},"5":{"start":{"line":27,"column":0},"end":{"line":29,"column":2}}},"fnMap":{"0":{"name":"(anonymous_0)","decl":{"start":{"line":18,"column":14},"end":{"line":18,"column":15}},"loc":{"start":{"line":18,"column":25},"end":{"line":25,"column":1}},"line":18},"1":{"name":"(anonymous_1)","decl":{"start":{"line":22,"column":23},"end":{"line":22,"column":24}},"loc":{"start":{"line":22,"column":29},"end":{"line":22,"column":52}},"line":22}},"branchMap":{},"s":{"0":7,"1":7,"2":15,"3":15,"4":2,"5":7},"f":{"0":15,"1":2},"b":{},"_coverageSchema":"43e27e138ebf9cfc5966b082cf9a028302ed4184","hash":"1604e3264cedab2df9d3bb9e9e8ea0488ab76b0e"}
,"/mnt/c/Users/kylem/Galvanize/FEC_Zillow/Kyle-service/client/components/Heading/ShareModal.jsx": {"path":"/mnt/c/Users/kylem/Galvanize/FEC_Zillow/Kyle-service/client/components/Heading/ShareModal.jsx","statementMap":{"0":{"start":{"line":8,"column":17},"end":{"line":12,"column":1}},"1":{"start":{"line":16,"column":4},"end":{"line":16,"column":17}},"2":{"start":{"line":17,"column":4},"end":{"line":21,"column":6}},"3":{"start":{"line":22,"column":4},"end":{"line":22,"column":45}},"4":{"start":{"line":23,"column":4},"end":{"line":23,"column":47}},"5":{"start":{"line":24,"column":4},"end":{"line":24,"column":49}},"6":{"start":{"line":28,"column":23},"end":{"line":28,"column":24}},"7":{"start":{"line":29,"column":28},"end":{"line":29,"column":34}},"8":{"start":{"line":30,"column":4},"end":{"line":32,"column":7}},"9":{"start":{"line":36,"column":26},"end":{"line":36,"column":36}},"10":{"start":{"line":37,"column":4},"end":{"line":37,"column":28}},"11":{"start":{"line":41,"column":26},"end":{"line":41,"column":36}},"12":{"start":{"line":42,"column":4},"end":{"line":46,"column":38}},"13":{"start":{"line":46,"column":13},"end":{"line":46,"column":36}},"14":{"start":{"line":50,"column":21},"end":{"line":50,"column":31}},"15":{"start":{"line":51,"column":4},"end":{"line":82,"column":5}},"16":{"start":{"line":52,"column":6},"end":{"line":81,"column":8}},"17":{"start":{"line":60,"column":87},"end":{"line":60,"column":107}},"18":{"start":{"line":68,"column":95},"end":{"line":68,"column":115}},"19":{"start":{"line":73,"column":82},"end":{"line":73,"column":102}},"20":{"start":{"line":83,"column":4},"end":{"line":83,"column":16}}},"fnMap":{"0":{"name":"(anonymous_0)","decl":{"start":{"line":15,"column":2},"end":{"line":15,"column":3}},"loc":{"start":{"line":15,"column":21},"end":{"line":25,"column":3}},"line":15},"1":{"name":"(anonymous_1)","decl":{"start":{"line":27,"column":2},"end":{"line":27,"column":3}},"loc":{"start":{"line":27,"column":14},"end":{"line":33,"column":3}},"line":27},"2":{"name":"(anonymous_2)","decl":{"start":{"line":35,"column":2},"end":{"line":35,"column":3}},"loc":{"start":{"line":35,"column":14},"end":{"line":38,"column":3}},"line":35},"3":{"name":"(anonymous_3)","decl":{"start":{"line":40,"column":2},"end":{"line":40,"column":3}},"loc":{"start":{"line":40,"column":15},"end":{"line":47,"column":3}},"line":40},"4":{"name":"(anonymous_4)","decl":{"start":{"line":46,"column":7},"end":{"line":46,"column":8}},"loc":{"start":{"line":46,"column":13},"end":{"line":46,"column":36}},"line":46},"5":{"name":"(anonymous_5)","decl":{"start":{"line":49,"column":2},"end":{"line":49,"column":3}},"loc":{"start":{"line":49,"column":11},"end":{"line":84,"column":3}},"line":49},"6":{"name":"(anonymous_6)","decl":{"start":{"line":60,"column":81},"end":{"line":60,"column":82}},"loc":{"start":{"line":60,"column":87},"end":{"line":60,"column":107}},"line":60},"7":{"name":"(anonymous_7)","decl":{"start":{"line":68,"column":89},"end":{"line":68,"column":90}},"loc":{"start":{"line":68,"column":95},"end":{"line":68,"column":115}},"line":68},"8":{"name":"(anonymous_8)","decl":{"start":{"line":73,"column":76},"end":{"line":73,"column":77}},"loc":{"start":{"line":73,"column":82},"end":{"line":73,"column":102}},"line":73}},"branchMap":{"0":{"loc":{"start":{"line":51,"column":4},"end":{"line":82,"column":5}},"type":"if","locations":[{"start":{"line":51,"column":4},"end":{"line":82,"column":5}},{"start":{"line":51,"column":4},"end":{"line":82,"column":5}}],"line":51}},"s":{"0":6,"1":9,"2":9,"3":9,"4":9,"5":9,"6":0,"7":0,"8":0,"9":0,"10":0,"11":0,"12":0,"13":0,"14":15,"15":15,"16":4,"17":0,"18":0,"19":0,"20":11},"f":{"0":9,"1":0,"2":0,"3":0,"4":0,"5":15,"6":0,"7":0,"8":0},"b":{"0":[4,11]},"_coverageSchema":"43e27e138ebf9cfc5966b082cf9a028302ed4184","hash":"2d7e6f0de3d9188db005ad0664e40c6132404ea1"}
,"/mnt/c/Users/kylem/Galvanize/FEC_Zillow/Kyle-service/client/components/Heading/StyledSpan.jsx": {"path":"/mnt/c/Users/kylem/Galvanize/FEC_Zillow/Kyle-service/client/components/Heading/StyledSpan.jsx","statementMap":{"0":{"start":{"line":4,"column":19},"end":{"line":5,"column":1}}},"fnMap":{},"branchMap":{},"s":{"0":7},"f":{},"b":{},"_coverageSchema":"43e27e138ebf9cfc5966b082cf9a028302ed4184","hash":"0b714f523833890af3ead802aa12430758f9f81a"}
,"/mnt/c/Users/kylem/Galvanize/FEC_Zillow/Kyle-service/client/components/House/Address.jsx": {"path":"/mnt/c/Users/kylem/Galvanize/FEC_Zillow/Kyle-service/client/components/House/Address.jsx","statementMap":{"0":{"start":{"line":6,"column":16},"end":{"line":44,"column":1}},"1":{"start":{"line":7,"column":20},"end":{"line":7,"column":25}},"2":{"start":{"line":8,"column":16},"end":{"line":8,"column":29}},"3":{"start":{"line":10,"column":2},"end":{"line":42,"column":3}},"4":{"start":{"line":13,"column":8},"end":{"line":13,"column":13}},"5":{"start":{"line":14,"column":22},"end":{"line":14,"column":46}},"6":{"start":{"line":15,"column":23},"end":{"line":15,"column":47}},"7":{"start":{"line":16,"column":14},"end":{"line":16,"column":50}},"8":{"start":{"line":17,"column":4},"end":{"line":21,"column":5}},"9":{"start":{"line":18,"column":6},"end":{"line":18,"column":14}},"10":{"start":{"line":20,"column":6},"end":{"line":20,"column":30}},"11":{"start":{"line":22,"column":4},"end":{"line":39,"column":6}},"12":{"start":{"line":41,"column":4},"end":{"line":41,"column":19}},"13":{"start":{"line":43,"column":2},"end":{"line":43,"column":17}}},"fnMap":{"0":{"name":"(anonymous_0)","decl":{"start":{"line":6,"column":16},"end":{"line":6,"column":17}},"loc":{"start":{"line":6,"column":27},"end":{"line":44,"column":1}},"line":6}},"branchMap":{"0":{"loc":{"start":{"line":10,"column":2},"end":{"line":42,"column":3}},"type":"if","locations":[{"start":{"line":10,"column":2},"end":{"line":42,"column":3}},{"start":{"line":10,"column":2},"end":{"line":42,"column":3}}],"line":10},"1":{"loc":{"start":{"line":17,"column":4},"end":{"line":21,"column":5}},"type":"if","locations":[{"start":{"line":17,"column":4},"end":{"line":21,"column":5}},{"start":{"line":17,"column":4},"end":{"line":21,"column":5}}],"line":17}},"s":{"0":6,"1":15,"2":15,"3":15,"4":14,"5":14,"6":14,"7":14,"8":14,"9":0,"10":14,"11":14,"12":1,"13":15},"f":{"0":15},"b":{"0":[14,1],"1":[0,14]},"_coverageSchema":"43e27e138ebf9cfc5966b082cf9a028302ed4184","hash":"b725b856ece550202f2567fc5ca3cf1d3d96d9a0"}
,"/mnt/c/Users/kylem/Galvanize/FEC_Zillow/Kyle-service/client/components/House/Details.jsx": {"path":"/mnt/c/Users/kylem/Galvanize/FEC_Zillow/Kyle-service/client/components/House/Details.jsx","statementMap":{"0":{"start":{"line":5,"column":15},"end":{"line":8,"column":1}},"1":{"start":{"line":11,"column":16},"end":{"line":28,"column":1}},"2":{"start":{"line":12,"column":22},"end":{"line":12,"column":27}},"3":{"start":{"line":13,"column":31},"end":{"line":13,"column":36}},"4":{"start":{"line":15,"column":4},"end":{"line":26,"column":5}},"5":{"start":{"line":16,"column":20},"end":{"line":16,"column":83}},"6":{"start":{"line":17,"column":8},"end":{"line":17,"column":53}},"7":{"start":{"line":19,"column":63},"end":{"line":19,"column":70}},"8":{"start":{"line":20,"column":8},"end":{"line":22,"column":15}},"9":{"start":{"line":25,"column":8},"end":{"line":25,"column":23}},"10":{"start":{"line":27,"column":4},"end":{"line":27,"column":19}}},"fnMap":{"0":{"name":"(anonymous_0)","decl":{"start":{"line":11,"column":16},"end":{"line":11,"column":17}},"loc":{"start":{"line":11,"column":25},"end":{"line":28,"column":1}},"line":11}},"branchMap":{"0":{"loc":{"start":{"line":15,"column":4},"end":{"line":26,"column":5}},"type":"if","locations":[{"start":{"line":15,"column":4},"end":{"line":26,"column":5}},{"start":{"line":15,"column":4},"end":{"line":26,"column":5}}],"line":15}},"s":{"0":6,"1":6,"2":13,"3":13,"4":13,"5":13,"6":13,"7":13,"8":13,"9":0,"10":13},"f":{"0":13},"b":{"0":[13,0]},"_coverageSchema":"43e27e138ebf9cfc5966b082cf9a028302ed4184","hash":"c1d68cfabc3018cb515e04422a49305a971b225f"}
,"/mnt/c/Users/kylem/Galvanize/FEC_Zillow/Kyle-service/client/components/House/House.jsx": {"path":"/mnt/c/Users/kylem/Galvanize/FEC_Zillow/Kyle-service/client/components/House/House.jsx","statementMap":{"0":{"start":{"line":8,"column":14},"end":{"line":18,"column":1}},"1":{"start":{"line":9,"column":22},"end":{"line":9,"column":27}},"2":{"start":{"line":10,"column":4},"end":{"line":17,"column":6}}},"fnMap":{"0":{"name":"(anonymous_0)","decl":{"start":{"line":8,"column":14},"end":{"line":8,"column":15}},"loc":{"start":{"line":8,"column":23},"end":{"line":18,"column":1}},"line":8}},"branchMap":{},"s":{"0":6,"1":13,"2":13},"f":{"0":13},"b":{},"_coverageSchema":"43e27e138ebf9cfc5966b082cf9a028302ed4184","hash":"466d6bc3f76200b285081a2efd1404323a43915f"}
,"/mnt/c/Users/kylem/Galvanize/FEC_Zillow/Kyle-service/client/components/House/Orange.jsx": {"path":"/mnt/c/Users/kylem/Galvanize/FEC_Zillow/Kyle-service/client/components/House/Orange.jsx","statementMap":{"0":{"start":{"line":4,"column":15},"end":{"line":10,"column":1}}},"fnMap":{},"branchMap":{},"s":{"0":6},"f":{},"b":{},"_coverageSchema":"43e27e138ebf9cfc5966b082cf9a028302ed4184","hash":"9efb2113b1e1061d8cc680629ea361818c4f4935"}
,"/mnt/c/Users/kylem/Galvanize/FEC_Zillow/Kyle-service/client/components/House/Payment.jsx": {"path":"/mnt/c/Users/kylem/Galvanize/FEC_Zillow/Kyle-service/client/components/House/Payment.jsx","statementMap":{"0":{"start":{"line":5,"column":16},"end":{"line":18,"column":1}},"1":{"start":{"line":6,"column":22},"end":{"line":6,"column":27}},"2":{"start":{"line":7,"column":22},"end":{"line":7,"column":27}},"3":{"start":{"line":9,"column":4},"end":{"line":16,"column":5}},"4":{"start":{"line":10,"column":20},"end":{"line":10,"column":45}},"5":{"start":{"line":11,"column":23},"end":{"line":11,"column":86}},"6":{"start":{"line":12,"column":8},"end":{"line":12,"column":62}},"7":{"start":{"line":13,"column":8},"end":{"line":13,"column":74}},"8":{"start":{"line":15,"column":8},"end":{"line":15,"column":23}},"9":{"start":{"line":17,"column":4},"end":{"line":17,"column":19}}},"fnMap":{"0":{"name":"(anonymous_0)","decl":{"start":{"line":5,"column":16},"end":{"line":5,"column":17}},"loc":{"start":{"line":5,"column":25},"end":{"line":18,"column":1}},"line":5}},"branchMap":{"0":{"loc":{"start":{"line":9,"column":4},"end":{"line":16,"column":5}},"type":"if","locations":[{"start":{"line":9,"column":4},"end":{"line":16,"column":5}},{"start":{"line":9,"column":4},"end":{"line":16,"column":5}}],"line":9}},"s":{"0":6,"1":13,"2":13,"3":13,"4":13,"5":13,"6":13,"7":13,"8":0,"9":13},"f":{"0":13},"b":{"0":[13,0]},"_coverageSchema":"43e27e138ebf9cfc5966b082cf9a028302ed4184","hash":"a642dbddfd42cb29afa27e5bd5fd268ca45821b2"}
,"/mnt/c/Users/kylem/Galvanize/FEC_Zillow/Kyle-service/client/components/House/Qualified.jsx": {"path":"/mnt/c/Users/kylem/Galvanize/FEC_Zillow/Kyle-service/client/components/House/Qualified.jsx","statementMap":{"0":{"start":{"line":4,"column":18},"end":{"line":8,"column":1}},"1":{"start":{"line":5,"column":4},"end":{"line":7,"column":6}}},"fnMap":{"0":{"name":"(anonymous_0)","decl":{"start":{"line":4,"column":18},"end":{"line":4,"column":19}},"loc":{"start":{"line":4,"column":27},"end":{"line":8,"column":1}},"line":4}},"branchMap":{},"s":{"0":6,"1":13},"f":{"0":13},"b":{},"_coverageSchema":"43e27e138ebf9cfc5966b082cf9a028302ed4184","hash":"4068691312a7107b5229fe14ffdba386d5842180"}
,"/mnt/c/Users/kylem/Galvanize/FEC_Zillow/Kyle-service/client/components/House/Zestimate.jsx": {"path":"/mnt/c/Users/kylem/Galvanize/FEC_Zillow/Kyle-service/client/components/House/Zestimate.jsx","statementMap":{"0":{"start":{"line":5,"column":18},"end":{"line":19,"column":1}},"1":{"start":{"line":6,"column":22},"end":{"line":6,"column":27}},"2":{"start":{"line":7,"column":33},"end":{"line":7,"column":38}},"3":{"start":{"line":9,"column":4},"end":{"line":15,"column":5}},"4":{"start":{"line":10,"column":28},"end":{"line":10,"column":65}},"5":{"start":{"line":11,"column":8},"end":{"line":11,"column":92}},"6":{"start":{"line":12,"column":8},"end":{"line":12,"column":65}},"7":{"start":{"line":14,"column":8},"end":{"line":14,"column":27}},"8":{"start":{"line":16,"column":8},"end":{"line":18,"column":10}}},"fnMap":{"0":{"name":"(anonymous_0)","decl":{"start":{"line":5,"column":18},"end":{"line":5,"column":19}},"loc":{"start":{"line":5,"column":27},"end":{"line":19,"column":1}},"line":5}},"branchMap":{"0":{"loc":{"start":{"line":9,"column":4},"end":{"line":15,"column":5}},"type":"if","locations":[{"start":{"line":9,"column":4},"end":{"line":15,"column":5}},{"start":{"line":9,"column":4},"end":{"line":15,"column":5}}],"line":9}},"s":{"0":6,"1":13,"2":13,"3":13,"4":13,"5":13,"6":13,"7":0,"8":13},"f":{"0":13},"b":{"0":[13,0]},"_coverageSchema":"43e27e138ebf9cfc5966b082cf9a028302ed4184","hash":"e4bbceb912391ca3f71cb9909e7ddd55defe9f36"}
,"/mnt/c/Users/kylem/Galvanize/FEC_Zillow/Kyle-service/db/index.js": {"path":"/mnt/c/Users/kylem/Galvanize/FEC_Zillow/Kyle-service/db/index.js","statementMap":{"0":{"start":{"line":1,"column":17},"end":{"line":1,"column":36}},"1":{"start":{"line":2,"column":12},"end":{"line":2,"column":48}},"2":{"start":{"line":3,"column":11},"end":{"line":3,"column":85}},"3":{"start":{"line":9,"column":0},"end":{"line":9,"column":20}}},"fnMap":{},"branchMap":{},"s":{"0":1,"1":1,"2":1,"3":1},"f":{},"b":{},"_coverageSchema":"43e27e138ebf9cfc5966b082cf9a028302ed4184","hash":"dc607e8d90d0205d58c02d096186d53837545bb3"}
,"/mnt/c/Users/kylem/Galvanize/FEC_Zillow/Kyle-service/db/Schemas/Listing.js": {"path":"/mnt/c/Users/kylem/Galvanize/FEC_Zillow/Kyle-service/db/Schemas/Listing.js","statementMap":{"0":{"start":{"line":1,"column":11},"end":{"line":1,"column":33}},"1":{"start":{"line":2,"column":17},"end":{"line":2,"column":36}},"2":{"start":{"line":5,"column":20},"end":{"line":24,"column":2}},"3":{"start":{"line":26,"column":14},"end":{"line":26,"column":50}},"4":{"start":{"line":29,"column":0},"end":{"line":29,"column":23}}},"fnMap":{},"branchMap":{},"s":{"0":1,"1":1,"2":1,"3":1,"4":1},"f":{},"b":{},"_coverageSchema":"43e27e138ebf9cfc5966b082cf9a028302ed4184","hash":"49c354d6eca442774fb77ddb89e9c815775815d8"}
,"/mnt/c/Users/kylem/Galvanize/FEC_Zillow/Kyle-service/seed/index.js": {"path":"/mnt/c/Users/kylem/Galvanize/FEC_Zillow/Kyle-service/seed/index.js","statementMap":{"0":{"start":{"line":1,"column":14},"end":{"line":1,"column":49}},"1":{"start":{"line":5,"column":13},"end":{"line":61,"column":1}},"2":{"start":{"line":6,"column":19},"end":{"line":6,"column":21}},"3":{"start":{"line":7,"column":4},"end":{"line":57,"column":5}},"4":{"start":{"line":7,"column":17},"end":{"line":7,"column":18}},"5":{"start":{"line":8,"column":22},"end":{"line":8,"column":24}},"6":{"start":{"line":9,"column":18},"end":{"line":9,"column":19}},"7":{"start":{"line":11,"column":8},"end":{"line":15,"column":9}},"8":{"start":{"line":12,"column":12},"end":{"line":12,"column":56}},"9":{"start":{"line":14,"column":12},"end":{"line":14,"column":55}},"10":{"start":{"line":17,"column":8},"end":{"line":17,"column":70}},"11":{"start":{"line":19,"column":23},"end":{"line":19,"column":25}},"12":{"start":{"line":21,"column":8},"end":{"line":21,"column":65}},"13":{"start":{"line":22,"column":8},"end":{"line":22,"column":69}},"14":{"start":{"line":23,"column":8},"end":{"line":23,"column":74}},"15":{"start":{"line":25,"column":8},"end":{"line":25,"column":34}},"16":{"start":{"line":27,"column":24},"end":{"line":27,"column":26}},"17":{"start":{"line":28,"column":8},"end":{"line":28,"column":73}},"18":{"start":{"line":29,"column":8},"end":{"line":29,"column":67}},"19":{"start":{"line":31,"column":23},"end":{"line":31,"column":65}},"20":{"start":{"line":32,"column":26},"end":{"line":32,"column":82}},"21":{"start":{"line":34,"column":8},"end":{"line":34,"column":109}},"22":{"start":{"line":35,"column":8},"end":{"line":35,"column":36}},"23":{"start":{"line":36,"column":8},"end":{"line":36,"column":32}},"24":{"start":{"line":37,"column":8},"end":{"line":37,"column":69}},"25":{"start":{"line":38,"column":8},"end":{"line":38,"column":35}},"26":{"start":{"line":41,"column":22},"end":{"line":41,"column":35}},"27":{"start":{"line":43,"column":8},"end":{"line":43,"column":66}},"28":{"start":{"line":44,"column":8},"end":{"line":44,"column":68}},"29":{"start":{"line":45,"column":8},"end":{"line":45,"column":31}},"30":{"start":{"line":47,"column":8},"end":{"line":47,"column":27}},"31":{"start":{"line":48,"column":8},"end":{"line":55,"column":11}},"32":{"start":{"line":49,"column":12},"end":{"line":54,"column":13}},"33":{"start":{"line":49,"column":22},"end":{"line":49,"column":39}},"34":{"start":{"line":51,"column":16},"end":{"line":53,"column":17}},"35":{"start":{"line":52,"column":20},"end":{"line":52,"column":40}},"36":{"start":{"line":58,"column":4},"end":{"line":58,"column":24}},"37":{"start":{"line":59,"column":4},"end":{"line":59,"column":18}},"38":{"start":{"line":64,"column":0},"end":{"line":64,"column":7}},"39":{"start":{"line":66,"column":0},"end":{"line":66,"column":22}}},"fnMap":{"0":{"name":"(anonymous_0)","decl":{"start":{"line":5,"column":13},"end":{"line":5,"column":14}},"loc":{"start":{"line":5,"column":19},"end":{"line":61,"column":1}},"line":5},"1":{"name":"(anonymous_1)","decl":{"start":{"line":48,"column":58},"end":{"line":48,"column":59}},"loc":{"start":{"line":48,"column":72},"end":{"line":55,"column":9}},"line":48}},"branchMap":{"0":{"loc":{"start":{"line":11,"column":8},"end":{"line":15,"column":9}},"type":"if","locations":[{"start":{"line":11,"column":8},"end":{"line":15,"column":9}},{"start":{"line":11,"column":8},"end":{"line":15,"column":9}}],"line":11},"1":{"loc":{"start":{"line":49,"column":12},"end":{"line":54,"column":13}},"type":"if","locations":[{"start":{"line":49,"column":12},"end":{"line":54,"column":13}},{"start":{"line":49,"column":12},"end":{"line":54,"column":13}}],"line":49},"2":{"loc":{"start":{"line":51,"column":16},"end":{"line":53,"column":17}},"type":"if","locations":[{"start":{"line":51,"column":16},"end":{"line":53,"column":17}},{"start":{"line":51,"column":16},"end":{"line":53,"column":17}}],"line":51}},"s":{"0":1,"1":1,"2":4,"3":4,"4":4,"5":400,"6":400,"7":400,"8":40,"9":360,"10":400,"11":400,"12":400,"13":400,"14":400,"15":400,"16":400,"17":400,"18":400,"19":400,"20":400,"21":400,"22":400,"23":400,"24":400,"25":400,"26":400,"27":400,"28":400,"29":400,"30":400,"31":400,"32":0,"33":0,"34":0,"35":0,"36":4,"37":4,"38":1,"39":1},"f":{"0":4,"1":0},"b":{"0":[40,360],"1":[0,0],"2":[0,0]},"_coverageSchema":"43e27e138ebf9cfc5966b082cf9a028302ed4184","hash":"bdd3afc8ca7d250a5100af97600b2320e4a2f019"}
}
