TN:
SF:/mnt/c/Users/kylem/Galvanize/FEC_Zillow/Kyle-service/client/components/App.jsx
FN:26,(anonymous_0)
FN:47,(anonymous_1)
FN:50,(anonymous_2)
FN:53,(anonymous_3)
FNF:4
FNH:4
FNDA:6,(anonymous_0)
FNDA:6,(anonymous_1)
FNDA:6,(anonymous_2)
FNDA:12,(anonymous_3)
DA:11,6
DA:27,6
DA:28,6
DA:33,6
DA:48,6
DA:50,6
DA:54,12
DA:55,12
DA:56,12
LF:9
LH:9
BRF:0
BRH:0
end_of_record
TN:
SF:/mnt/c/Users/kylem/Galvanize/FEC_Zillow/Kyle-service/client/components/Contact/Contact.jsx
FN:22,(anonymous_0)
FN:26,(anonymous_1)
FNF:2
FNH:1
FNDA:12,(anonymous_0)
FNDA:0,(anonymous_1)
DA:5,6
DA:8,6
DA:22,6
DA:23,12
DA:24,12
DA:26,0
LF:6
LH:5
BRF:0
BRH:0
end_of_record
TN:
SF:/mnt/c/Users/kylem/Galvanize/FEC_Zillow/Kyle-service/client/components/Contact/Footer.jsx
FN:6,(anonymous_0)
FNF:1
FNH:1
FNDA:12,(anonymous_0)
DA:6,6
DA:7,12
DA:8,12
LF:3
LH:3
BRF:0
BRH:0
end_of_record
TN:
SF:/mnt/c/Users/kylem/Galvanize/FEC_Zillow/Kyle-service/client/components/Contact/Tour.jsx
FN:23,(anonymous_0)
FNF:1
FNH:1
FNDA:12,(anonymous_0)
DA:4,6
DA:7,6
DA:23,6
DA:24,12
LF:4
LH:4
BRF:0
BRH:0
end_of_record
TN:
SF:/mnt/c/Users/kylem/Galvanize/FEC_Zillow/Kyle-service/client/components/Contact/ContactModal/ContactModal.jsx
FN:17,(anonymous_0)
FN:31,(anonymous_1)
FN:37,(anonymous_2)
FN:40,(anonymous_3)
FN:45,(anonymous_4)
FN:53,(anonymous_5)
FN:56,(anonymous_6)
FN:66,(anonymous_7)
FN:68,(anonymous_8)
FN:70,(anonymous_9)
FN:72,(anonymous_10)
FN:76,(anonymous_11)
FNF:12
FNH:2
FNDA:6,(anonymous_0)
FNDA:0,(anonymous_1)
FNDA:0,(anonymous_2)
FNDA:0,(anonymous_3)
FNDA:0,(anonymous_4)
FNDA:0,(anonymous_5)
FNDA:12,(anonymous_6)
FNDA:0,(anonymous_7)
FNDA:0,(anonymous_8)
FNDA:0,(anonymous_9)
FNDA:0,(anonymous_10)
FNDA:0,(anonymous_11)
DA:8,6
DA:18,6
DA:19,6
DA:26,6
DA:27,6
DA:28,6
DA:32,0
DA:33,0
DA:34,0
DA:35,0
DA:37,0
DA:41,0
DA:42,0
DA:46,0
DA:47,0
DA:53,0
DA:57,12
DA:58,12
DA:59,12
DA:60,1
DA:66,0
DA:68,0
DA:70,0
DA:72,0
DA:76,0
DA:83,11
LF:26
LH:11
BRDA:34,0,0,0
BRDA:34,0,1,0
BRDA:59,1,0,1
BRDA:59,1,1,11
BRF:4
BRH:2
end_of_record
TN:
SF:/mnt/c/Users/kylem/Galvanize/FEC_Zillow/Kyle-service/client/components/Contact/ContactModal/ModalContent.jsx
FNF:0
FNH:0
DA:4,6
LF:1
LH:1
BRF:0
BRH:0
end_of_record
TN:
SF:/mnt/c/Users/kylem/Galvanize/FEC_Zillow/Kyle-service/client/components/Contact/ContactModal/ModalDiv.jsx
FNF:0
FNH:0
DA:5,6
LF:1
LH:1
BRF:0
BRH:0
end_of_record
TN:
SF:/mnt/c/Users/kylem/Galvanize/FEC_Zillow/Kyle-service/client/components/Contact/TourExtras/DateButton.jsx
FN:27,(anonymous_0)
FNF:1
FNH:0
FNDA:0,(anonymous_0)
DA:5,6
DA:16,6
DA:27,6
DA:28,0
DA:29,0
DA:30,0
DA:39,0
LF:7
LH:3
BRDA:29,0,0,0
BRDA:29,0,1,0
BRF:2
BRH:0
end_of_record
TN:
SF:/mnt/c/Users/kylem/Galvanize/FEC_Zillow/Kyle-service/client/components/Heading/Button.jsx
FNF:0
FNH:0
DA:5,7
LF:1
LH:1
BRF:0
BRH:0
end_of_record
TN:
SF:/mnt/c/Users/kylem/Galvanize/FEC_Zillow/Kyle-service/client/components/Heading/Close.jsx
FN:20,(anonymous_0)
FN:24,(anonymous_1)
FNF:2
FNH:1
FNDA:5,(anonymous_0)
FNDA:0,(anonymous_1)
DA:6,6
DA:10,6
DA:20,6
DA:21,5
DA:22,5
DA:24,0
LF:6
LH:5
BRF:0
BRH:0
end_of_record
TN:
SF:/mnt/c/Users/kylem/Galvanize/FEC_Zillow/Kyle-service/client/components/Heading/Heading.jsx
FN:7,(anonymous_0)
FNF:1
FNH:1
FNDA:13,(anonymous_0)
DA:7,7
DA:8,13
LF:2
LH:2
BRF:0
BRH:0
end_of_record
TN:
SF:/mnt/c/Users/kylem/Galvanize/FEC_Zillow/Kyle-service/client/components/Heading/ModalContent.jsx
FNF:0
FNH:0
DA:4,6
LF:1
LH:1
BRF:0
BRH:0
end_of_record
TN:
SF:/mnt/c/Users/kylem/Galvanize/FEC_Zillow/Kyle-service/client/components/Heading/ModalDiv.jsx
FNF:0
FNH:0
DA:5,6
LF:1
LH:1
BRF:0
BRH:0
end_of_record
TN:
SF:/mnt/c/Users/kylem/Galvanize/FEC_Zillow/Kyle-service/client/components/Heading/More.jsx
FN:6,(anonymous_0)
FNF:1
FNH:1
FNDA:13,(anonymous_0)
DA:6,7
DA:7,13
LF:2
LH:2
BRF:0
BRH:0
end_of_record
TN:
SF:/mnt/c/Users/kylem/Galvanize/FEC_Zillow/Kyle-service/client/components/Heading/Save.jsx
FN:20,(anonymous_0)
FNF:1
FNH:1
FNDA:13,(anonymous_0)
DA:5,7
DA:8,7
DA:20,7
DA:21,13
LF:4
LH:4
BRF:0
BRH:0
end_of_record
TN:
SF:/mnt/c/Users/kylem/Galvanize/FEC_Zillow/Kyle-service/client/components/Heading/Send.jsx
FN:19,(anonymous_0)
FN:24,(anonymous_1)
FN:28,(anonymous_2)
FNF:3
FNH:1
FNDA:0,(anonymous_0)
FNDA:5,(anonymous_1)
FNDA:0,(anonymous_2)
DA:6,6
DA:19,6
DA:20,0
DA:21,0
DA:24,6
DA:25,5
DA:26,5
DA:28,0
LF:8
LH:5
BRF:0
BRH:0
end_of_record
TN:
SF:/mnt/c/Users/kylem/Galvanize/FEC_Zillow/Kyle-service/client/components/Heading/Share.jsx
FN:18,(anonymous_0)
FN:22,(anonymous_1)
FNF:2
FNH:2
FNDA:15,(anonymous_0)
FNDA:2,(anonymous_1)
DA:6,7
DA:18,7
DA:19,15
DA:20,15
DA:22,2
DA:27,7
LF:6
LH:6
BRF:0
BRH:0
end_of_record
TN:
SF:/mnt/c/Users/kylem/Galvanize/FEC_Zillow/Kyle-service/client/components/Heading/ShareModal.jsx
FN:15,(anonymous_0)
FN:27,(anonymous_1)
FN:35,(anonymous_2)
FN:40,(anonymous_3)
FN:46,(anonymous_4)
FN:49,(anonymous_5)
FN:60,(anonymous_6)
FN:68,(anonymous_7)
FN:73,(anonymous_8)
FNF:9
FNH:2
FNDA:9,(anonymous_0)
FNDA:0,(anonymous_1)
FNDA:0,(anonymous_2)
FNDA:0,(anonymous_3)
FNDA:0,(anonymous_4)
FNDA:15,(anonymous_5)
FNDA:0,(anonymous_6)
FNDA:0,(anonymous_7)
FNDA:0,(anonymous_8)
DA:8,6
DA:16,9
DA:17,9
DA:22,9
DA:23,9
DA:24,9
DA:28,0
DA:29,0
DA:30,0
DA:36,0
DA:37,0
DA:41,0
DA:42,0
DA:46,0
DA:50,15
DA:51,15
DA:52,4
DA:60,0
DA:68,0
DA:73,0
DA:83,11
LF:21
LH:10
BRDA:51,0,0,4
BRDA:51,0,1,11
BRF:2
BRH:2
end_of_record
TN:
SF:/mnt/c/Users/kylem/Galvanize/FEC_Zillow/Kyle-service/client/components/Heading/StyledSpan.jsx
FNF:0
FNH:0
DA:4,7
LF:1
LH:1
BRF:0
BRH:0
end_of_record
TN:
SF:/mnt/c/Users/kylem/Galvanize/FEC_Zillow/Kyle-service/client/components/House/Address.jsx
FN:6,(anonymous_0)
FNF:1
FNH:1
FNDA:15,(anonymous_0)
DA:6,6
DA:7,15
DA:8,15
DA:10,15
DA:13,14
DA:14,14
DA:15,14
DA:16,14
DA:17,14
DA:18,0
DA:20,14
DA:22,14
DA:41,1
DA:43,15
LF:14
LH:13
BRDA:10,0,0,14
BRDA:10,0,1,1
BRDA:17,1,0,0
BRDA:17,1,1,14
BRF:4
BRH:3
end_of_record
TN:
SF:/mnt/c/Users/kylem/Galvanize/FEC_Zillow/Kyle-service/client/components/House/Details.jsx
FN:11,(anonymous_0)
FNF:1
FNH:1
FNDA:13,(anonymous_0)
DA:5,6
DA:11,6
DA:12,13
DA:13,13
DA:15,13
DA:16,13
DA:17,13
DA:19,13
DA:20,13
DA:25,0
DA:27,13
LF:11
LH:10
BRDA:15,0,0,13
BRDA:15,0,1,0
BRF:2
BRH:1
end_of_record
TN:
SF:/mnt/c/Users/kylem/Galvanize/FEC_Zillow/Kyle-service/client/components/House/House.jsx
FN:8,(anonymous_0)
FNF:1
FNH:1
FNDA:13,(anonymous_0)
DA:8,6
DA:9,13
DA:10,13
LF:3
LH:3
BRF:0
BRH:0
end_of_record
TN:
SF:/mnt/c/Users/kylem/Galvanize/FEC_Zillow/Kyle-service/client/components/House/Orange.jsx
FNF:0
FNH:0
DA:4,6
LF:1
LH:1
BRF:0
BRH:0
end_of_record
TN:
SF:/mnt/c/Users/kylem/Galvanize/FEC_Zillow/Kyle-service/client/components/House/Payment.jsx
FN:5,(anonymous_0)
FNF:1
FNH:1
FNDA:13,(anonymous_0)
DA:5,6
DA:6,13
DA:7,13
DA:9,13
DA:10,13
DA:11,13
DA:12,13
DA:13,13
DA:15,0
DA:17,13
LF:10
LH:9
BRDA:9,0,0,13
BRDA:9,0,1,0
BRF:2
BRH:1
end_of_record
TN:
SF:/mnt/c/Users/kylem/Galvanize/FEC_Zillow/Kyle-service/client/components/House/Qualified.jsx
FN:4,(anonymous_0)
FNF:1
FNH:1
FNDA:13,(anonymous_0)
DA:4,6
DA:5,13
LF:2
LH:2
BRF:0
BRH:0
end_of_record
TN:
SF:/mnt/c/Users/kylem/Galvanize/FEC_Zillow/Kyle-service/client/components/House/Zestimate.jsx
FN:5,(anonymous_0)
FNF:1
FNH:1
FNDA:13,(anonymous_0)
DA:5,6
DA:6,13
DA:7,13
DA:9,13
DA:10,13
DA:11,13
DA:12,13
DA:14,0
DA:16,13
LF:9
LH:8
BRDA:9,0,0,13
BRDA:9,0,1,0
BRF:2
BRH:1
end_of_record
TN:
SF:/mnt/c/Users/kylem/Galvanize/FEC_Zillow/Kyle-service/db/index.js
FNF:0
FNH:0
DA:1,1
DA:2,1
DA:3,1
DA:9,1
LF:4
LH:4
BRF:0
BRH:0
end_of_record
TN:
SF:/mnt/c/Users/kylem/Galvanize/FEC_Zillow/Kyle-service/db/Schemas/Listing.js
FNF:0
FNH:0
DA:1,1
DA:2,1
DA:5,1
DA:26,1
DA:29,1
LF:5
LH:5
BRF:0
BRH:0
end_of_record
TN:
SF:/mnt/c/Users/kylem/Galvanize/FEC_Zillow/Kyle-service/seed/index.js
FN:5,(anonymous_0)
FN:48,(anonymous_1)
FNF:2
FNH:1
FNDA:4,(anonymous_0)
FNDA:0,(anonymous_1)
DA:1,1
DA:5,1
DA:6,4
DA:7,4
DA:8,400
DA:9,400
DA:11,400
DA:12,40
DA:14,360
DA:17,400
DA:19,400
DA:21,400
DA:22,400
DA:23,400
DA:25,400
DA:27,400
DA:28,400
DA:29,400
DA:31,400
DA:32,400
DA:34,400
DA:35,400
DA:36,400
DA:37,400
DA:38,400
DA:41,400
DA:43,400
DA:44,400
DA:45,400
DA:47,400
DA:48,400
DA:49,0
DA:51,0
DA:52,0
DA:58,4
DA:59,4
DA:64,1
DA:66,1
LF:38
LH:35
BRDA:11,0,0,40
BRDA:11,0,1,360
BRDA:49,1,0,0
BRDA:49,1,1,0
BRDA:51,2,0,0
BRDA:51,2,1,0
BRF:6
BRH:2
end_of_record
